<component name="libraryTable">
  <library name="junit-platform-commons-1.9.2">
    <CLASSES>
      <root url="jar://$PROJECT_DIR$/src/test/library/junit-platform-commons-1.9.2.jar!/" />
    </CLASSES>
    <JAVADOC />
    <SOURCES />
  </library>
</component>